Determining if the pthread_create exist failed with the following output:
Change Dir: /home/diego/Documentos/Facultad/Algoritmos/tp3/alumnos/CMakeFiles/CMakeTmp

Run Build Command:"/usr/bin/make" "cmTC_dd80e/fast"
/usr/bin/make -f CMakeFiles/cmTC_dd80e.dir/build.make CMakeFiles/cmTC_dd80e.dir/build
make[1]: se entra en el directorio '/home/diego/Documentos/Facultad/Algoritmos/tp3/alumnos/CMakeFiles/CMakeTmp'
Building C object CMakeFiles/cmTC_dd80e.dir/CheckSymbolExists.c.o
/usr/bin/cc    -o CMakeFiles/cmTC_dd80e.dir/CheckSymbolExists.c.o   -c /home/diego/Documentos/Facultad/Algoritmos/tp3/alumnos/CMakeFiles/CMakeTmp/CheckSymbolExists.c
Linking C executable cmTC_dd80e
/usr/local/bin/cmake -E cmake_link_script CMakeFiles/cmTC_dd80e.dir/link.txt --verbose=1
/usr/bin/cc      -rdynamic CMakeFiles/cmTC_dd80e.dir/CheckSymbolExists.c.o  -o cmTC_dd80e 
CMakeFiles/cmTC_dd80e.dir/CheckSymbolExists.c.o: En la función `main':
CheckSymbolExists.c:(.text+0xa): referencia a `pthread_create' sin definir
collect2: error: ld returned 1 exit status
CMakeFiles/cmTC_dd80e.dir/build.make:86: fallo en las instrucciones para el objetivo 'cmTC_dd80e'
make[1]: *** [cmTC_dd80e] Error 1
make[1]: se sale del directorio '/home/diego/Documentos/Facultad/Algoritmos/tp3/alumnos/CMakeFiles/CMakeTmp'
Makefile:126: fallo en las instrucciones para el objetivo 'cmTC_dd80e/fast'
make: *** [cmTC_dd80e/fast] Error 2

File /home/diego/Documentos/Facultad/Algoritmos/tp3/alumnos/CMakeFiles/CMakeTmp/CheckSymbolExists.c:
/* */
#include <pthread.h>

int main(int argc, char** argv)
{
  (void)argv;
#ifndef pthread_create
  return ((int*)(&pthread_create))[argc];
#else
  (void)argc;
  return 0;
#endif
}

Determining if the function pthread_create exists in the pthreads failed with the following output:
Change Dir: /home/diego/Documentos/Facultad/Algoritmos/tp3/alumnos/CMakeFiles/CMakeTmp

Run Build Command:"/usr/bin/make" "cmTC_dce94/fast"
/usr/bin/make -f CMakeFiles/cmTC_dce94.dir/build.make CMakeFiles/cmTC_dce94.dir/build
make[1]: se entra en el directorio '/home/diego/Documentos/Facultad/Algoritmos/tp3/alumnos/CMakeFiles/CMakeTmp'
Building C object CMakeFiles/cmTC_dce94.dir/CheckFunctionExists.c.o
/usr/bin/cc   -DCHECK_FUNCTION_EXISTS=pthread_create   -o CMakeFiles/cmTC_dce94.dir/CheckFunctionExists.c.o   -c /usr/local/share/cmake-3.11/Modules/CheckFunctionExists.c
Linking C executable cmTC_dce94
/usr/local/bin/cmake -E cmake_link_script CMakeFiles/cmTC_dce94.dir/link.txt --verbose=1
/usr/bin/cc  -DCHECK_FUNCTION_EXISTS=pthread_create    -rdynamic CMakeFiles/cmTC_dce94.dir/CheckFunctionExists.c.o  -o cmTC_dce94 -lpthreads 
/usr/bin/i686-linux-gnu-ld: no se puede encontrar -lpthreads
collect2: error: ld returned 1 exit status
CMakeFiles/cmTC_dce94.dir/build.make:86: fallo en las instrucciones para el objetivo 'cmTC_dce94'
make[1]: *** [cmTC_dce94] Error 1
make[1]: se sale del directorio '/home/diego/Documentos/Facultad/Algoritmos/tp3/alumnos/CMakeFiles/CMakeTmp'
Makefile:126: fallo en las instrucciones para el objetivo 'cmTC_dce94/fast'
make: *** [cmTC_dce94/fast] Error 2


